<testsuites id="" name="" tests="60" failures="55" skipped="5" errors="0" time="29.249582999999998">
<testsuite name="app.spec.ts" timestamp="2025-10-30T19:43:46.458Z" hostname="chromium" tests="12" failures="12" skipped="0" time="0.087" errors="0">
<testcase name="E-Commerce Application › should display homepage with products" classname="app.spec.ts" time="0.006">
<failure message="app.spec.ts:8:3 should display homepage with products" type="FAILURE">
<![CDATA[  [chromium] › app.spec.ts:8:3 › E-Commerce Application › should display homepage with products ────

    Error: browserType.launch: Executable doesn't exist at C:\Users\jkuduvar\AppData\Local\ms-playwright\chromium_headless_shell-1194\chrome-win\headless_shell.exe
    ╔═════════════════════════════════════════════════════════════════════════╗
    ║ Looks like Playwright Test or Playwright was just installed or updated. ║
    ║ Please run the following command to download new browsers:              ║
    ║                                                                         ║
    ║     npx playwright install                                              ║
    ║                                                                         ║
    ║ <3 Playwright Team                                                      ║
    ╚═════════════════════════════════════════════════════════════════════════╝
]]>
</failure>
</testcase>
<testcase name="E-Commerce Application › should be able to search for products" classname="app.spec.ts" time="0.006">
<failure message="app.spec.ts:22:3 should be able to search for products" type="FAILURE">
<![CDATA[  [chromium] › app.spec.ts:22:3 › E-Commerce Application › should be able to search for products ───

    Error: browserType.launch: Executable doesn't exist at C:\Users\jkuduvar\AppData\Local\ms-playwright\chromium_headless_shell-1194\chrome-win\headless_shell.exe
    ╔═════════════════════════════════════════════════════════════════════════╗
    ║ Looks like Playwright Test or Playwright was just installed or updated. ║
    ║ Please run the following command to download new browsers:              ║
    ║                                                                         ║
    ║     npx playwright install                                              ║
    ║                                                                         ║
    ║ <3 Playwright Team                                                      ║
    ╚═════════════════════════════════════════════════════════════════════════╝
]]>
</failure>
</testcase>
<testcase name="E-Commerce Application › should be able to filter products by category" classname="app.spec.ts" time="0.005">
<failure message="app.spec.ts:32:3 should be able to filter products by category" type="FAILURE">
<![CDATA[  [chromium] › app.spec.ts:32:3 › E-Commerce Application › should be able to filter products by category 

    Error: browserType.launch: Executable doesn't exist at C:\Users\jkuduvar\AppData\Local\ms-playwright\chromium_headless_shell-1194\chrome-win\headless_shell.exe
    ╔═════════════════════════════════════════════════════════════════════════╗
    ║ Looks like Playwright Test or Playwright was just installed or updated. ║
    ║ Please run the following command to download new browsers:              ║
    ║                                                                         ║
    ║     npx playwright install                                              ║
    ║                                                                         ║
    ║ <3 Playwright Team                                                      ║
    ╚═════════════════════════════════════════════════════════════════════════╝
]]>
</failure>
</testcase>
<testcase name="E-Commerce Application › should be able to sort products by price" classname="app.spec.ts" time="0.007">
<failure message="app.spec.ts:41:3 should be able to sort products by price" type="FAILURE">
<![CDATA[  [chromium] › app.spec.ts:41:3 › E-Commerce Application › should be able to sort products by price 

    Error: browserType.launch: Executable doesn't exist at C:\Users\jkuduvar\AppData\Local\ms-playwright\chromium_headless_shell-1194\chrome-win\headless_shell.exe
    ╔═════════════════════════════════════════════════════════════════════════╗
    ║ Looks like Playwright Test or Playwright was just installed or updated. ║
    ║ Please run the following command to download new browsers:              ║
    ║                                                                         ║
    ║     npx playwright install                                              ║
    ║                                                                         ║
    ║ <3 Playwright Team                                                      ║
    ╚═════════════════════════════════════════════════════════════════════════╝
]]>
</failure>
</testcase>
<testcase name="E-Commerce Application › should be able to add product to cart" classname="app.spec.ts" time="0.006">
<failure message="app.spec.ts:50:3 should be able to add product to cart" type="FAILURE">
<![CDATA[  [chromium] › app.spec.ts:50:3 › E-Commerce Application › should be able to add product to cart ───

    Error: browserType.launch: Executable doesn't exist at C:\Users\jkuduvar\AppData\Local\ms-playwright\chromium_headless_shell-1194\chrome-win\headless_shell.exe
    ╔═════════════════════════════════════════════════════════════════════════╗
    ║ Looks like Playwright Test or Playwright was just installed or updated. ║
    ║ Please run the following command to download new browsers:              ║
    ║                                                                         ║
    ║     npx playwright install                                              ║
    ║                                                                         ║
    ║ <3 Playwright Team                                                      ║
    ╚═════════════════════════════════════════════════════════════════════════╝
]]>
</failure>
</testcase>
<testcase name="E-Commerce Application › should display cart page with added items" classname="app.spec.ts" time="0.006">
<failure message="app.spec.ts:61:3 should display cart page with added items" type="FAILURE">
<![CDATA[  [chromium] › app.spec.ts:61:3 › E-Commerce Application › should display cart page with added items 

    Error: browserType.launch: Executable doesn't exist at C:\Users\jkuduvar\AppData\Local\ms-playwright\chromium_headless_shell-1194\chrome-win\headless_shell.exe
    ╔═════════════════════════════════════════════════════════════════════════╗
    ║ Looks like Playwright Test or Playwright was just installed or updated. ║
    ║ Please run the following command to download new browsers:              ║
    ║                                                                         ║
    ║     npx playwright install                                              ║
    ║                                                                         ║
    ║ <3 Playwright Team                                                      ║
    ╚═════════════════════════════════════════════════════════════════════════╝
]]>
</failure>
</testcase>
<testcase name="E-Commerce Application › should be able to update item quantity in cart" classname="app.spec.ts" time="0.007">
<failure message="app.spec.ts:75:3 should be able to update item quantity in cart" type="FAILURE">
<![CDATA[  [chromium] › app.spec.ts:75:3 › E-Commerce Application › should be able to update item quantity in cart 

    Error: browserType.launch: Executable doesn't exist at C:\Users\jkuduvar\AppData\Local\ms-playwright\chromium_headless_shell-1194\chrome-win\headless_shell.exe
    ╔═════════════════════════════════════════════════════════════════════════╗
    ║ Looks like Playwright Test or Playwright was just installed or updated. ║
    ║ Please run the following command to download new browsers:              ║
    ║                                                                         ║
    ║     npx playwright install                                              ║
    ║                                                                         ║
    ║ <3 Playwright Team                                                      ║
    ╚═════════════════════════════════════════════════════════════════════════╝
]]>
</failure>
</testcase>
<testcase name="E-Commerce Application › should be able to remove item from cart" classname="app.spec.ts" time="0.009">
<failure message="app.spec.ts:92:3 should be able to remove item from cart" type="FAILURE">
<![CDATA[  [chromium] › app.spec.ts:92:3 › E-Commerce Application › should be able to remove item from cart ─

    Error: browserType.launch: Executable doesn't exist at C:\Users\jkuduvar\AppData\Local\ms-playwright\chromium_headless_shell-1194\chrome-win\headless_shell.exe
    ╔═════════════════════════════════════════════════════════════════════════╗
    ║ Looks like Playwright Test or Playwright was just installed or updated. ║
    ║ Please run the following command to download new browsers:              ║
    ║                                                                         ║
    ║     npx playwright install                                              ║
    ║                                                                         ║
    ║ <3 Playwright Team                                                      ║
    ╚═════════════════════════════════════════════════════════════════════════╝
]]>
</failure>
</testcase>
<testcase name="E-Commerce Application › should navigate to checkout page" classname="app.spec.ts" time="0.008">
<failure message="app.spec.ts:106:3 should navigate to checkout page" type="FAILURE">
<![CDATA[  [chromium] › app.spec.ts:106:3 › E-Commerce Application › should navigate to checkout page ───────

    Error: browserType.launch: Executable doesn't exist at C:\Users\jkuduvar\AppData\Local\ms-playwright\chromium_headless_shell-1194\chrome-win\headless_shell.exe
    ╔═════════════════════════════════════════════════════════════════════════╗
    ║ Looks like Playwright Test or Playwright was just installed or updated. ║
    ║ Please run the following command to download new browsers:              ║
    ║                                                                         ║
    ║     npx playwright install                                              ║
    ║                                                                         ║
    ║ <3 Playwright Team                                                      ║
    ╚═════════════════════════════════════════════════════════════════════════╝
]]>
</failure>
</testcase>
<testcase name="E-Commerce Application › should validate checkout form" classname="app.spec.ts" time="0.009">
<failure message="app.spec.ts:123:3 should validate checkout form" type="FAILURE">
<![CDATA[  [chromium] › app.spec.ts:123:3 › E-Commerce Application › should validate checkout form ──────────

    Error: browserType.launch: Executable doesn't exist at C:\Users\jkuduvar\AppData\Local\ms-playwright\chromium_headless_shell-1194\chrome-win\headless_shell.exe
    ╔═════════════════════════════════════════════════════════════════════════╗
    ║ Looks like Playwright Test or Playwright was just installed or updated. ║
    ║ Please run the following command to download new browsers:              ║
    ║                                                                         ║
    ║     npx playwright install                                              ║
    ║                                                                         ║
    ║ <3 Playwright Team                                                      ║
    ╚═════════════════════════════════════════════════════════════════════════╝
]]>
</failure>
</testcase>
<testcase name="E-Commerce Application › should complete checkout process" classname="app.spec.ts" time="0.009">
<failure message="app.spec.ts:137:3 should complete checkout process" type="FAILURE">
<![CDATA[  [chromium] › app.spec.ts:137:3 › E-Commerce Application › should complete checkout process ───────

    Error: browserType.launch: Executable doesn't exist at C:\Users\jkuduvar\AppData\Local\ms-playwright\chromium_headless_shell-1194\chrome-win\headless_shell.exe
    ╔═════════════════════════════════════════════════════════════════════════╗
    ║ Looks like Playwright Test or Playwright was just installed or updated. ║
    ║ Please run the following command to download new browsers:              ║
    ║                                                                         ║
    ║     npx playwright install                                              ║
    ║                                                                         ║
    ║ <3 Playwright Team                                                      ║
    ╚═════════════════════════════════════════════════════════════════════════╝
]]>
</failure>
</testcase>
<testcase name="E-Commerce Application › should be responsive on mobile devices" classname="app.spec.ts" time="0.009">
<failure message="app.spec.ts:160:3 should be responsive on mobile devices" type="FAILURE">
<![CDATA[  [chromium] › app.spec.ts:160:3 › E-Commerce Application › should be responsive on mobile devices ─

    Error: browserType.launch: Executable doesn't exist at C:\Users\jkuduvar\AppData\Local\ms-playwright\chromium_headless_shell-1194\chrome-win\headless_shell.exe
    ╔═════════════════════════════════════════════════════════════════════════╗
    ║ Looks like Playwright Test or Playwright was just installed or updated. ║
    ║ Please run the following command to download new browsers:              ║
    ║                                                                         ║
    ║     npx playwright install                                              ║
    ║                                                                         ║
    ║ <3 Playwright Team                                                      ║
    ╚═════════════════════════════════════════════════════════════════════════╝
]]>
</failure>
</testcase>
</testsuite>
<testsuite name="app.spec.ts" timestamp="2025-10-30T19:43:46.458Z" hostname="firefox" tests="12" failures="12" skipped="0" time="0.102" errors="0">
<testcase name="E-Commerce Application › should display homepage with products" classname="app.spec.ts" time="0.006">
<failure message="app.spec.ts:8:3 should display homepage with products" type="FAILURE">
<![CDATA[  [firefox] › app.spec.ts:8:3 › E-Commerce Application › should display homepage with products ─────

    Error: browserType.launch: Executable doesn't exist at C:\Users\jkuduvar\AppData\Local\ms-playwright\firefox-1495\firefox\firefox.exe
    ╔═════════════════════════════════════════════════════════════════════════╗
    ║ Looks like Playwright Test or Playwright was just installed or updated. ║
    ║ Please run the following command to download new browsers:              ║
    ║                                                                         ║
    ║     npx playwright install                                              ║
    ║                                                                         ║
    ║ <3 Playwright Team                                                      ║
    ╚═════════════════════════════════════════════════════════════════════════╝
]]>
</failure>
</testcase>
<testcase name="E-Commerce Application › should be able to search for products" classname="app.spec.ts" time="0.009">
<failure message="app.spec.ts:22:3 should be able to search for products" type="FAILURE">
<![CDATA[  [firefox] › app.spec.ts:22:3 › E-Commerce Application › should be able to search for products ────

    Error: browserType.launch: Executable doesn't exist at C:\Users\jkuduvar\AppData\Local\ms-playwright\firefox-1495\firefox\firefox.exe
    ╔═════════════════════════════════════════════════════════════════════════╗
    ║ Looks like Playwright Test or Playwright was just installed or updated. ║
    ║ Please run the following command to download new browsers:              ║
    ║                                                                         ║
    ║     npx playwright install                                              ║
    ║                                                                         ║
    ║ <3 Playwright Team                                                      ║
    ╚═════════════════════════════════════════════════════════════════════════╝
]]>
</failure>
</testcase>
<testcase name="E-Commerce Application › should be able to filter products by category" classname="app.spec.ts" time="0.009">
<failure message="app.spec.ts:32:3 should be able to filter products by category" type="FAILURE">
<![CDATA[  [firefox] › app.spec.ts:32:3 › E-Commerce Application › should be able to filter products by category 

    Error: browserType.launch: Executable doesn't exist at C:\Users\jkuduvar\AppData\Local\ms-playwright\firefox-1495\firefox\firefox.exe
    ╔═════════════════════════════════════════════════════════════════════════╗
    ║ Looks like Playwright Test or Playwright was just installed or updated. ║
    ║ Please run the following command to download new browsers:              ║
    ║                                                                         ║
    ║     npx playwright install                                              ║
    ║                                                                         ║
    ║ <3 Playwright Team                                                      ║
    ╚═════════════════════════════════════════════════════════════════════════╝
]]>
</failure>
</testcase>
<testcase name="E-Commerce Application › should be able to sort products by price" classname="app.spec.ts" time="0.007">
<failure message="app.spec.ts:41:3 should be able to sort products by price" type="FAILURE">
<![CDATA[  [firefox] › app.spec.ts:41:3 › E-Commerce Application › should be able to sort products by price ─

    Error: browserType.launch: Executable doesn't exist at C:\Users\jkuduvar\AppData\Local\ms-playwright\firefox-1495\firefox\firefox.exe
    ╔═════════════════════════════════════════════════════════════════════════╗
    ║ Looks like Playwright Test or Playwright was just installed or updated. ║
    ║ Please run the following command to download new browsers:              ║
    ║                                                                         ║
    ║     npx playwright install                                              ║
    ║                                                                         ║
    ║ <3 Playwright Team                                                      ║
    ╚═════════════════════════════════════════════════════════════════════════╝
]]>
</failure>
</testcase>
<testcase name="E-Commerce Application › should be able to add product to cart" classname="app.spec.ts" time="0.007">
<failure message="app.spec.ts:50:3 should be able to add product to cart" type="FAILURE">
<![CDATA[  [firefox] › app.spec.ts:50:3 › E-Commerce Application › should be able to add product to cart ────

    Error: browserType.launch: Executable doesn't exist at C:\Users\jkuduvar\AppData\Local\ms-playwright\firefox-1495\firefox\firefox.exe
    ╔═════════════════════════════════════════════════════════════════════════╗
    ║ Looks like Playwright Test or Playwright was just installed or updated. ║
    ║ Please run the following command to download new browsers:              ║
    ║                                                                         ║
    ║     npx playwright install                                              ║
    ║                                                                         ║
    ║ <3 Playwright Team                                                      ║
    ╚═════════════════════════════════════════════════════════════════════════╝
]]>
</failure>
</testcase>
<testcase name="E-Commerce Application › should display cart page with added items" classname="app.spec.ts" time="0.008">
<failure message="app.spec.ts:61:3 should display cart page with added items" type="FAILURE">
<![CDATA[  [firefox] › app.spec.ts:61:3 › E-Commerce Application › should display cart page with added items 

    Error: browserType.launch: Executable doesn't exist at C:\Users\jkuduvar\AppData\Local\ms-playwright\firefox-1495\firefox\firefox.exe
    ╔═════════════════════════════════════════════════════════════════════════╗
    ║ Looks like Playwright Test or Playwright was just installed or updated. ║
    ║ Please run the following command to download new browsers:              ║
    ║                                                                         ║
    ║     npx playwright install                                              ║
    ║                                                                         ║
    ║ <3 Playwright Team                                                      ║
    ╚═════════════════════════════════════════════════════════════════════════╝
]]>
</failure>
</testcase>
<testcase name="E-Commerce Application › should be able to update item quantity in cart" classname="app.spec.ts" time="0.007">
<failure message="app.spec.ts:75:3 should be able to update item quantity in cart" type="FAILURE">
<![CDATA[  [firefox] › app.spec.ts:75:3 › E-Commerce Application › should be able to update item quantity in cart 

    Error: browserType.launch: Executable doesn't exist at C:\Users\jkuduvar\AppData\Local\ms-playwright\firefox-1495\firefox\firefox.exe
    ╔═════════════════════════════════════════════════════════════════════════╗
    ║ Looks like Playwright Test or Playwright was just installed or updated. ║
    ║ Please run the following command to download new browsers:              ║
    ║                                                                         ║
    ║     npx playwright install                                              ║
    ║                                                                         ║
    ║ <3 Playwright Team                                                      ║
    ╚═════════════════════════════════════════════════════════════════════════╝
]]>
</failure>
</testcase>
<testcase name="E-Commerce Application › should be able to remove item from cart" classname="app.spec.ts" time="0.008">
<failure message="app.spec.ts:92:3 should be able to remove item from cart" type="FAILURE">
<![CDATA[  [firefox] › app.spec.ts:92:3 › E-Commerce Application › should be able to remove item from cart ──

    Error: browserType.launch: Executable doesn't exist at C:\Users\jkuduvar\AppData\Local\ms-playwright\firefox-1495\firefox\firefox.exe
    ╔═════════════════════════════════════════════════════════════════════════╗
    ║ Looks like Playwright Test or Playwright was just installed or updated. ║
    ║ Please run the following command to download new browsers:              ║
    ║                                                                         ║
    ║     npx playwright install                                              ║
    ║                                                                         ║
    ║ <3 Playwright Team                                                      ║
    ╚═════════════════════════════════════════════════════════════════════════╝
]]>
</failure>
</testcase>
<testcase name="E-Commerce Application › should navigate to checkout page" classname="app.spec.ts" time="0.007">
<failure message="app.spec.ts:106:3 should navigate to checkout page" type="FAILURE">
<![CDATA[  [firefox] › app.spec.ts:106:3 › E-Commerce Application › should navigate to checkout page ────────

    Error: browserType.launch: Executable doesn't exist at C:\Users\jkuduvar\AppData\Local\ms-playwright\firefox-1495\firefox\firefox.exe
    ╔═════════════════════════════════════════════════════════════════════════╗
    ║ Looks like Playwright Test or Playwright was just installed or updated. ║
    ║ Please run the following command to download new browsers:              ║
    ║                                                                         ║
    ║     npx playwright install                                              ║
    ║                                                                         ║
    ║ <3 Playwright Team                                                      ║
    ╚═════════════════════════════════════════════════════════════════════════╝
]]>
</failure>
</testcase>
<testcase name="E-Commerce Application › should validate checkout form" classname="app.spec.ts" time="0.013">
<failure message="app.spec.ts:123:3 should validate checkout form" type="FAILURE">
<![CDATA[  [firefox] › app.spec.ts:123:3 › E-Commerce Application › should validate checkout form ───────────

    Error: browserType.launch: Executable doesn't exist at C:\Users\jkuduvar\AppData\Local\ms-playwright\firefox-1495\firefox\firefox.exe
    ╔═════════════════════════════════════════════════════════════════════════╗
    ║ Looks like Playwright Test or Playwright was just installed or updated. ║
    ║ Please run the following command to download new browsers:              ║
    ║                                                                         ║
    ║     npx playwright install                                              ║
    ║                                                                         ║
    ║ <3 Playwright Team                                                      ║
    ╚═════════════════════════════════════════════════════════════════════════╝
]]>
</failure>
</testcase>
<testcase name="E-Commerce Application › should complete checkout process" classname="app.spec.ts" time="0.012">
<failure message="app.spec.ts:137:3 should complete checkout process" type="FAILURE">
<![CDATA[  [firefox] › app.spec.ts:137:3 › E-Commerce Application › should complete checkout process ────────

    Error: browserType.launch: Executable doesn't exist at C:\Users\jkuduvar\AppData\Local\ms-playwright\firefox-1495\firefox\firefox.exe
    ╔═════════════════════════════════════════════════════════════════════════╗
    ║ Looks like Playwright Test or Playwright was just installed or updated. ║
    ║ Please run the following command to download new browsers:              ║
    ║                                                                         ║
    ║     npx playwright install                                              ║
    ║                                                                         ║
    ║ <3 Playwright Team                                                      ║
    ╚═════════════════════════════════════════════════════════════════════════╝
]]>
</failure>
</testcase>
<testcase name="E-Commerce Application › should be responsive on mobile devices" classname="app.spec.ts" time="0.009">
<failure message="app.spec.ts:160:3 should be responsive on mobile devices" type="FAILURE">
<![CDATA[  [firefox] › app.spec.ts:160:3 › E-Commerce Application › should be responsive on mobile devices ──

    Error: browserType.launch: Executable doesn't exist at C:\Users\jkuduvar\AppData\Local\ms-playwright\firefox-1495\firefox\firefox.exe
    ╔═════════════════════════════════════════════════════════════════════════╗
    ║ Looks like Playwright Test or Playwright was just installed or updated. ║
    ║ Please run the following command to download new browsers:              ║
    ║                                                                         ║
    ║     npx playwright install                                              ║
    ║                                                                         ║
    ║ <3 Playwright Team                                                      ║
    ╚═════════════════════════════════════════════════════════════════════════╝
]]>
</failure>
</testcase>
</testsuite>
<testsuite name="app.spec.ts" timestamp="2025-10-30T19:43:46.458Z" hostname="webkit" tests="12" failures="12" skipped="0" time="0.102" errors="0">
<testcase name="E-Commerce Application › should display homepage with products" classname="app.spec.ts" time="0.007">
<failure message="app.spec.ts:8:3 should display homepage with products" type="FAILURE">
<![CDATA[  [webkit] › app.spec.ts:8:3 › E-Commerce Application › should display homepage with products ──────

    Error: browserType.launch: Executable doesn't exist at C:\Users\jkuduvar\AppData\Local\ms-playwright\webkit-2215\Playwright.exe
    ╔═════════════════════════════════════════════════════════════════════════╗
    ║ Looks like Playwright Test or Playwright was just installed or updated. ║
    ║ Please run the following command to download new browsers:              ║
    ║                                                                         ║
    ║     npx playwright install                                              ║
    ║                                                                         ║
    ║ <3 Playwright Team                                                      ║
    ╚═════════════════════════════════════════════════════════════════════════╝
]]>
</failure>
</testcase>
<testcase name="E-Commerce Application › should be able to search for products" classname="app.spec.ts" time="0.008">
<failure message="app.spec.ts:22:3 should be able to search for products" type="FAILURE">
<![CDATA[  [webkit] › app.spec.ts:22:3 › E-Commerce Application › should be able to search for products ─────

    Error: browserType.launch: Executable doesn't exist at C:\Users\jkuduvar\AppData\Local\ms-playwright\webkit-2215\Playwright.exe
    ╔═════════════════════════════════════════════════════════════════════════╗
    ║ Looks like Playwright Test or Playwright was just installed or updated. ║
    ║ Please run the following command to download new browsers:              ║
    ║                                                                         ║
    ║     npx playwright install                                              ║
    ║                                                                         ║
    ║ <3 Playwright Team                                                      ║
    ╚═════════════════════════════════════════════════════════════════════════╝
]]>
</failure>
</testcase>
<testcase name="E-Commerce Application › should be able to filter products by category" classname="app.spec.ts" time="0.013">
<failure message="app.spec.ts:32:3 should be able to filter products by category" type="FAILURE">
<![CDATA[  [webkit] › app.spec.ts:32:3 › E-Commerce Application › should be able to filter products by category 

    Error: browserType.launch: Executable doesn't exist at C:\Users\jkuduvar\AppData\Local\ms-playwright\webkit-2215\Playwright.exe
    ╔═════════════════════════════════════════════════════════════════════════╗
    ║ Looks like Playwright Test or Playwright was just installed or updated. ║
    ║ Please run the following command to download new browsers:              ║
    ║                                                                         ║
    ║     npx playwright install                                              ║
    ║                                                                         ║
    ║ <3 Playwright Team                                                      ║
    ╚═════════════════════════════════════════════════════════════════════════╝
]]>
</failure>
</testcase>
<testcase name="E-Commerce Application › should be able to sort products by price" classname="app.spec.ts" time="0.007">
<failure message="app.spec.ts:41:3 should be able to sort products by price" type="FAILURE">
<![CDATA[  [webkit] › app.spec.ts:41:3 › E-Commerce Application › should be able to sort products by price ──

    Error: browserType.launch: Executable doesn't exist at C:\Users\jkuduvar\AppData\Local\ms-playwright\webkit-2215\Playwright.exe
    ╔═════════════════════════════════════════════════════════════════════════╗
    ║ Looks like Playwright Test or Playwright was just installed or updated. ║
    ║ Please run the following command to download new browsers:              ║
    ║                                                                         ║
    ║     npx playwright install                                              ║
    ║                                                                         ║
    ║ <3 Playwright Team                                                      ║
    ╚═════════════════════════════════════════════════════════════════════════╝
]]>
</failure>
</testcase>
<testcase name="E-Commerce Application › should be able to add product to cart" classname="app.spec.ts" time="0.009">
<failure message="app.spec.ts:50:3 should be able to add product to cart" type="FAILURE">
<![CDATA[  [webkit] › app.spec.ts:50:3 › E-Commerce Application › should be able to add product to cart ─────

    Error: browserType.launch: Executable doesn't exist at C:\Users\jkuduvar\AppData\Local\ms-playwright\webkit-2215\Playwright.exe
    ╔═════════════════════════════════════════════════════════════════════════╗
    ║ Looks like Playwright Test or Playwright was just installed or updated. ║
    ║ Please run the following command to download new browsers:              ║
    ║                                                                         ║
    ║     npx playwright install                                              ║
    ║                                                                         ║
    ║ <3 Playwright Team                                                      ║
    ╚═════════════════════════════════════════════════════════════════════════╝
]]>
</failure>
</testcase>
<testcase name="E-Commerce Application › should display cart page with added items" classname="app.spec.ts" time="0.008">
<failure message="app.spec.ts:61:3 should display cart page with added items" type="FAILURE">
<![CDATA[  [webkit] › app.spec.ts:61:3 › E-Commerce Application › should display cart page with added items ─

    Error: browserType.launch: Executable doesn't exist at C:\Users\jkuduvar\AppData\Local\ms-playwright\webkit-2215\Playwright.exe
    ╔═════════════════════════════════════════════════════════════════════════╗
    ║ Looks like Playwright Test or Playwright was just installed or updated. ║
    ║ Please run the following command to download new browsers:              ║
    ║                                                                         ║
    ║     npx playwright install                                              ║
    ║                                                                         ║
    ║ <3 Playwright Team                                                      ║
    ╚═════════════════════════════════════════════════════════════════════════╝
]]>
</failure>
</testcase>
<testcase name="E-Commerce Application › should be able to update item quantity in cart" classname="app.spec.ts" time="0.008">
<failure message="app.spec.ts:75:3 should be able to update item quantity in cart" type="FAILURE">
<![CDATA[  [webkit] › app.spec.ts:75:3 › E-Commerce Application › should be able to update item quantity in cart 

    Error: browserType.launch: Executable doesn't exist at C:\Users\jkuduvar\AppData\Local\ms-playwright\webkit-2215\Playwright.exe
    ╔═════════════════════════════════════════════════════════════════════════╗
    ║ Looks like Playwright Test or Playwright was just installed or updated. ║
    ║ Please run the following command to download new browsers:              ║
    ║                                                                         ║
    ║     npx playwright install                                              ║
    ║                                                                         ║
    ║ <3 Playwright Team                                                      ║
    ╚═════════════════════════════════════════════════════════════════════════╝
]]>
</failure>
</testcase>
<testcase name="E-Commerce Application › should be able to remove item from cart" classname="app.spec.ts" time="0.008">
<failure message="app.spec.ts:92:3 should be able to remove item from cart" type="FAILURE">
<![CDATA[  [webkit] › app.spec.ts:92:3 › E-Commerce Application › should be able to remove item from cart ───

    Error: browserType.launch: Executable doesn't exist at C:\Users\jkuduvar\AppData\Local\ms-playwright\webkit-2215\Playwright.exe
    ╔═════════════════════════════════════════════════════════════════════════╗
    ║ Looks like Playwright Test or Playwright was just installed or updated. ║
    ║ Please run the following command to download new browsers:              ║
    ║                                                                         ║
    ║     npx playwright install                                              ║
    ║                                                                         ║
    ║ <3 Playwright Team                                                      ║
    ╚═════════════════════════════════════════════════════════════════════════╝
]]>
</failure>
</testcase>
<testcase name="E-Commerce Application › should navigate to checkout page" classname="app.spec.ts" time="0.01">
<failure message="app.spec.ts:106:3 should navigate to checkout page" type="FAILURE">
<![CDATA[  [webkit] › app.spec.ts:106:3 › E-Commerce Application › should navigate to checkout page ─────────

    Error: browserType.launch: Executable doesn't exist at C:\Users\jkuduvar\AppData\Local\ms-playwright\webkit-2215\Playwright.exe
    ╔═════════════════════════════════════════════════════════════════════════╗
    ║ Looks like Playwright Test or Playwright was just installed or updated. ║
    ║ Please run the following command to download new browsers:              ║
    ║                                                                         ║
    ║     npx playwright install                                              ║
    ║                                                                         ║
    ║ <3 Playwright Team                                                      ║
    ╚═════════════════════════════════════════════════════════════════════════╝
]]>
</failure>
</testcase>
<testcase name="E-Commerce Application › should validate checkout form" classname="app.spec.ts" time="0.009">
<failure message="app.spec.ts:123:3 should validate checkout form" type="FAILURE">
<![CDATA[  [webkit] › app.spec.ts:123:3 › E-Commerce Application › should validate checkout form ────────────

    Error: browserType.launch: Executable doesn't exist at C:\Users\jkuduvar\AppData\Local\ms-playwright\webkit-2215\Playwright.exe
    ╔═════════════════════════════════════════════════════════════════════════╗
    ║ Looks like Playwright Test or Playwright was just installed or updated. ║
    ║ Please run the following command to download new browsers:              ║
    ║                                                                         ║
    ║     npx playwright install                                              ║
    ║                                                                         ║
    ║ <3 Playwright Team                                                      ║
    ╚═════════════════════════════════════════════════════════════════════════╝
]]>
</failure>
</testcase>
<testcase name="E-Commerce Application › should complete checkout process" classname="app.spec.ts" time="0.007">
<failure message="app.spec.ts:137:3 should complete checkout process" type="FAILURE">
<![CDATA[  [webkit] › app.spec.ts:137:3 › E-Commerce Application › should complete checkout process ─────────

    Error: browserType.launch: Executable doesn't exist at C:\Users\jkuduvar\AppData\Local\ms-playwright\webkit-2215\Playwright.exe
    ╔═════════════════════════════════════════════════════════════════════════╗
    ║ Looks like Playwright Test or Playwright was just installed or updated. ║
    ║ Please run the following command to download new browsers:              ║
    ║                                                                         ║
    ║     npx playwright install                                              ║
    ║                                                                         ║
    ║ <3 Playwright Team                                                      ║
    ╚═════════════════════════════════════════════════════════════════════════╝
]]>
</failure>
</testcase>
<testcase name="E-Commerce Application › should be responsive on mobile devices" classname="app.spec.ts" time="0.008">
<failure message="app.spec.ts:160:3 should be responsive on mobile devices" type="FAILURE">
<![CDATA[  [webkit] › app.spec.ts:160:3 › E-Commerce Application › should be responsive on mobile devices ───

    Error: browserType.launch: Executable doesn't exist at C:\Users\jkuduvar\AppData\Local\ms-playwright\webkit-2215\Playwright.exe
    ╔═════════════════════════════════════════════════════════════════════════╗
    ║ Looks like Playwright Test or Playwright was just installed or updated. ║
    ║ Please run the following command to download new browsers:              ║
    ║                                                                         ║
    ║     npx playwright install                                              ║
    ║                                                                         ║
    ║ <3 Playwright Team                                                      ║
    ╚═════════════════════════════════════════════════════════════════════════╝
]]>
</failure>
</testcase>
</testsuite>
<testsuite name="app.spec.ts" timestamp="2025-10-30T19:43:46.458Z" hostname="Mobile Chrome" tests="12" failures="12" skipped="0" time="0.095" errors="0">
<testcase name="E-Commerce Application › should display homepage with products" classname="app.spec.ts" time="0.01">
<failure message="app.spec.ts:8:3 should display homepage with products" type="FAILURE">
<![CDATA[  [Mobile Chrome] › app.spec.ts:8:3 › E-Commerce Application › should display homepage with products 

    Error: browserType.launch: Executable doesn't exist at C:\Users\jkuduvar\AppData\Local\ms-playwright\chromium_headless_shell-1194\chrome-win\headless_shell.exe
    ╔═════════════════════════════════════════════════════════════════════════╗
    ║ Looks like Playwright Test or Playwright was just installed or updated. ║
    ║ Please run the following command to download new browsers:              ║
    ║                                                                         ║
    ║     npx playwright install                                              ║
    ║                                                                         ║
    ║ <3 Playwright Team                                                      ║
    ╚═════════════════════════════════════════════════════════════════════════╝
]]>
</failure>
</testcase>
<testcase name="E-Commerce Application › should be able to search for products" classname="app.spec.ts" time="0.007">
<failure message="app.spec.ts:22:3 should be able to search for products" type="FAILURE">
<![CDATA[  [Mobile Chrome] › app.spec.ts:22:3 › E-Commerce Application › should be able to search for products 

    Error: browserType.launch: Executable doesn't exist at C:\Users\jkuduvar\AppData\Local\ms-playwright\chromium_headless_shell-1194\chrome-win\headless_shell.exe
    ╔═════════════════════════════════════════════════════════════════════════╗
    ║ Looks like Playwright Test or Playwright was just installed or updated. ║
    ║ Please run the following command to download new browsers:              ║
    ║                                                                         ║
    ║     npx playwright install                                              ║
    ║                                                                         ║
    ║ <3 Playwright Team                                                      ║
    ╚═════════════════════════════════════════════════════════════════════════╝
]]>
</failure>
</testcase>
<testcase name="E-Commerce Application › should be able to filter products by category" classname="app.spec.ts" time="0.008">
<failure message="app.spec.ts:32:3 should be able to filter products by category" type="FAILURE">
<![CDATA[  [Mobile Chrome] › app.spec.ts:32:3 › E-Commerce Application › should be able to filter products by category 

    Error: browserType.launch: Executable doesn't exist at C:\Users\jkuduvar\AppData\Local\ms-playwright\chromium_headless_shell-1194\chrome-win\headless_shell.exe
    ╔═════════════════════════════════════════════════════════════════════════╗
    ║ Looks like Playwright Test or Playwright was just installed or updated. ║
    ║ Please run the following command to download new browsers:              ║
    ║                                                                         ║
    ║     npx playwright install                                              ║
    ║                                                                         ║
    ║ <3 Playwright Team                                                      ║
    ╚═════════════════════════════════════════════════════════════════════════╝
]]>
</failure>
</testcase>
<testcase name="E-Commerce Application › should be able to sort products by price" classname="app.spec.ts" time="0.007">
<failure message="app.spec.ts:41:3 should be able to sort products by price" type="FAILURE">
<![CDATA[  [Mobile Chrome] › app.spec.ts:41:3 › E-Commerce Application › should be able to sort products by price 

    Error: browserType.launch: Executable doesn't exist at C:\Users\jkuduvar\AppData\Local\ms-playwright\chromium_headless_shell-1194\chrome-win\headless_shell.exe
    ╔═════════════════════════════════════════════════════════════════════════╗
    ║ Looks like Playwright Test or Playwright was just installed or updated. ║
    ║ Please run the following command to download new browsers:              ║
    ║                                                                         ║
    ║     npx playwright install                                              ║
    ║                                                                         ║
    ║ <3 Playwright Team                                                      ║
    ╚═════════════════════════════════════════════════════════════════════════╝
]]>
</failure>
</testcase>
<testcase name="E-Commerce Application › should be able to add product to cart" classname="app.spec.ts" time="0.007">
<failure message="app.spec.ts:50:3 should be able to add product to cart" type="FAILURE">
<![CDATA[  [Mobile Chrome] › app.spec.ts:50:3 › E-Commerce Application › should be able to add product to cart 

    Error: browserType.launch: Executable doesn't exist at C:\Users\jkuduvar\AppData\Local\ms-playwright\chromium_headless_shell-1194\chrome-win\headless_shell.exe
    ╔═════════════════════════════════════════════════════════════════════════╗
    ║ Looks like Playwright Test or Playwright was just installed or updated. ║
    ║ Please run the following command to download new browsers:              ║
    ║                                                                         ║
    ║     npx playwright install                                              ║
    ║                                                                         ║
    ║ <3 Playwright Team                                                      ║
    ╚═════════════════════════════════════════════════════════════════════════╝
]]>
</failure>
</testcase>
<testcase name="E-Commerce Application › should display cart page with added items" classname="app.spec.ts" time="0.007">
<failure message="app.spec.ts:61:3 should display cart page with added items" type="FAILURE">
<![CDATA[  [Mobile Chrome] › app.spec.ts:61:3 › E-Commerce Application › should display cart page with added items 

    Error: browserType.launch: Executable doesn't exist at C:\Users\jkuduvar\AppData\Local\ms-playwright\chromium_headless_shell-1194\chrome-win\headless_shell.exe
    ╔═════════════════════════════════════════════════════════════════════════╗
    ║ Looks like Playwright Test or Playwright was just installed or updated. ║
    ║ Please run the following command to download new browsers:              ║
    ║                                                                         ║
    ║     npx playwright install                                              ║
    ║                                                                         ║
    ║ <3 Playwright Team                                                      ║
    ╚═════════════════════════════════════════════════════════════════════════╝
]]>
</failure>
</testcase>
<testcase name="E-Commerce Application › should be able to update item quantity in cart" classname="app.spec.ts" time="0.007">
<failure message="app.spec.ts:75:3 should be able to update item quantity in cart" type="FAILURE">
<![CDATA[  [Mobile Chrome] › app.spec.ts:75:3 › E-Commerce Application › should be able to update item quantity in cart 

    Error: browserType.launch: Executable doesn't exist at C:\Users\jkuduvar\AppData\Local\ms-playwright\chromium_headless_shell-1194\chrome-win\headless_shell.exe
    ╔═════════════════════════════════════════════════════════════════════════╗
    ║ Looks like Playwright Test or Playwright was just installed or updated. ║
    ║ Please run the following command to download new browsers:              ║
    ║                                                                         ║
    ║     npx playwright install                                              ║
    ║                                                                         ║
    ║ <3 Playwright Team                                                      ║
    ╚═════════════════════════════════════════════════════════════════════════╝
]]>
</failure>
</testcase>
<testcase name="E-Commerce Application › should be able to remove item from cart" classname="app.spec.ts" time="0.007">
<failure message="app.spec.ts:92:3 should be able to remove item from cart" type="FAILURE">
<![CDATA[  [Mobile Chrome] › app.spec.ts:92:3 › E-Commerce Application › should be able to remove item from cart 

    Error: browserType.launch: Executable doesn't exist at C:\Users\jkuduvar\AppData\Local\ms-playwright\chromium_headless_shell-1194\chrome-win\headless_shell.exe
    ╔═════════════════════════════════════════════════════════════════════════╗
    ║ Looks like Playwright Test or Playwright was just installed or updated. ║
    ║ Please run the following command to download new browsers:              ║
    ║                                                                         ║
    ║     npx playwright install                                              ║
    ║                                                                         ║
    ║ <3 Playwright Team                                                      ║
    ╚═════════════════════════════════════════════════════════════════════════╝
]]>
</failure>
</testcase>
<testcase name="E-Commerce Application › should navigate to checkout page" classname="app.spec.ts" time="0.009">
<failure message="app.spec.ts:106:3 should navigate to checkout page" type="FAILURE">
<![CDATA[  [Mobile Chrome] › app.spec.ts:106:3 › E-Commerce Application › should navigate to checkout page ──

    Error: browserType.launch: Executable doesn't exist at C:\Users\jkuduvar\AppData\Local\ms-playwright\chromium_headless_shell-1194\chrome-win\headless_shell.exe
    ╔═════════════════════════════════════════════════════════════════════════╗
    ║ Looks like Playwright Test or Playwright was just installed or updated. ║
    ║ Please run the following command to download new browsers:              ║
    ║                                                                         ║
    ║     npx playwright install                                              ║
    ║                                                                         ║
    ║ <3 Playwright Team                                                      ║
    ╚═════════════════════════════════════════════════════════════════════════╝
]]>
</failure>
</testcase>
<testcase name="E-Commerce Application › should validate checkout form" classname="app.spec.ts" time="0.007">
<failure message="app.spec.ts:123:3 should validate checkout form" type="FAILURE">
<![CDATA[  [Mobile Chrome] › app.spec.ts:123:3 › E-Commerce Application › should validate checkout form ─────

    Error: browserType.launch: Executable doesn't exist at C:\Users\jkuduvar\AppData\Local\ms-playwright\chromium_headless_shell-1194\chrome-win\headless_shell.exe
    ╔═════════════════════════════════════════════════════════════════════════╗
    ║ Looks like Playwright Test or Playwright was just installed or updated. ║
    ║ Please run the following command to download new browsers:              ║
    ║                                                                         ║
    ║     npx playwright install                                              ║
    ║                                                                         ║
    ║ <3 Playwright Team                                                      ║
    ╚═════════════════════════════════════════════════════════════════════════╝
]]>
</failure>
</testcase>
<testcase name="E-Commerce Application › should complete checkout process" classname="app.spec.ts" time="0.008">
<failure message="app.spec.ts:137:3 should complete checkout process" type="FAILURE">
<![CDATA[  [Mobile Chrome] › app.spec.ts:137:3 › E-Commerce Application › should complete checkout process ──

    Error: browserType.launch: Executable doesn't exist at C:\Users\jkuduvar\AppData\Local\ms-playwright\chromium_headless_shell-1194\chrome-win\headless_shell.exe
    ╔═════════════════════════════════════════════════════════════════════════╗
    ║ Looks like Playwright Test or Playwright was just installed or updated. ║
    ║ Please run the following command to download new browsers:              ║
    ║                                                                         ║
    ║     npx playwright install                                              ║
    ║                                                                         ║
    ║ <3 Playwright Team                                                      ║
    ╚═════════════════════════════════════════════════════════════════════════╝
]]>
</failure>
</testcase>
<testcase name="E-Commerce Application › should be responsive on mobile devices" classname="app.spec.ts" time="0.011">
<failure message="app.spec.ts:160:3 should be responsive on mobile devices" type="FAILURE">
<![CDATA[  [Mobile Chrome] › app.spec.ts:160:3 › E-Commerce Application › should be responsive on mobile devices 

    Error: browserType.launch: Executable doesn't exist at C:\Users\jkuduvar\AppData\Local\ms-playwright\chromium_headless_shell-1194\chrome-win\headless_shell.exe
    ╔═════════════════════════════════════════════════════════════════════════╗
    ║ Looks like Playwright Test or Playwright was just installed or updated. ║
    ║ Please run the following command to download new browsers:              ║
    ║                                                                         ║
    ║     npx playwright install                                              ║
    ║                                                                         ║
    ║ <3 Playwright Team                                                      ║
    ╚═════════════════════════════════════════════════════════════════════════╝
]]>
</failure>
</testcase>
</testsuite>
<testsuite name="app.spec.ts" timestamp="2025-10-30T19:43:46.458Z" hostname="Mobile Safari" tests="12" failures="7" skipped="5" time="0.048" errors="0">
<testcase name="E-Commerce Application › should display homepage with products" classname="app.spec.ts" time="0.006">
<failure message="app.spec.ts:8:3 should display homepage with products" type="FAILURE">
<![CDATA[  [Mobile Safari] › app.spec.ts:8:3 › E-Commerce Application › should display homepage with products 

    Error: browserType.launch: Executable doesn't exist at C:\Users\jkuduvar\AppData\Local\ms-playwright\webkit-2215\Playwright.exe
    ╔═════════════════════════════════════════════════════════════════════════╗
    ║ Looks like Playwright Test or Playwright was just installed or updated. ║
    ║ Please run the following command to download new browsers:              ║
    ║                                                                         ║
    ║     npx playwright install                                              ║
    ║                                                                         ║
    ║ <3 Playwright Team                                                      ║
    ╚═════════════════════════════════════════════════════════════════════════╝
]]>
</failure>
</testcase>
<testcase name="E-Commerce Application › should be able to search for products" classname="app.spec.ts" time="0.007">
<failure message="app.spec.ts:22:3 should be able to search for products" type="FAILURE">
<![CDATA[  [Mobile Safari] › app.spec.ts:22:3 › E-Commerce Application › should be able to search for products 

    Error: browserType.launch: Executable doesn't exist at C:\Users\jkuduvar\AppData\Local\ms-playwright\webkit-2215\Playwright.exe
    ╔═════════════════════════════════════════════════════════════════════════╗
    ║ Looks like Playwright Test or Playwright was just installed or updated. ║
    ║ Please run the following command to download new browsers:              ║
    ║                                                                         ║
    ║     npx playwright install                                              ║
    ║                                                                         ║
    ║ <3 Playwright Team                                                      ║
    ╚═════════════════════════════════════════════════════════════════════════╝
]]>
</failure>
</testcase>
<testcase name="E-Commerce Application › should be able to filter products by category" classname="app.spec.ts" time="0.006">
<failure message="app.spec.ts:32:3 should be able to filter products by category" type="FAILURE">
<![CDATA[  [Mobile Safari] › app.spec.ts:32:3 › E-Commerce Application › should be able to filter products by category 

    Error: browserType.launch: Executable doesn't exist at C:\Users\jkuduvar\AppData\Local\ms-playwright\webkit-2215\Playwright.exe
    ╔═════════════════════════════════════════════════════════════════════════╗
    ║ Looks like Playwright Test or Playwright was just installed or updated. ║
    ║ Please run the following command to download new browsers:              ║
    ║                                                                         ║
    ║     npx playwright install                                              ║
    ║                                                                         ║
    ║ <3 Playwright Team                                                      ║
    ╚═════════════════════════════════════════════════════════════════════════╝
]]>
</failure>
</testcase>
<testcase name="E-Commerce Application › should be able to sort products by price" classname="app.spec.ts" time="0.006">
<failure message="app.spec.ts:41:3 should be able to sort products by price" type="FAILURE">
<![CDATA[  [Mobile Safari] › app.spec.ts:41:3 › E-Commerce Application › should be able to sort products by price 

    Error: browserType.launch: Executable doesn't exist at C:\Users\jkuduvar\AppData\Local\ms-playwright\webkit-2215\Playwright.exe
    ╔═════════════════════════════════════════════════════════════════════════╗
    ║ Looks like Playwright Test or Playwright was just installed or updated. ║
    ║ Please run the following command to download new browsers:              ║
    ║                                                                         ║
    ║     npx playwright install                                              ║
    ║                                                                         ║
    ║ <3 Playwright Team                                                      ║
    ╚═════════════════════════════════════════════════════════════════════════╝
]]>
</failure>
</testcase>
<testcase name="E-Commerce Application › should be able to add product to cart" classname="app.spec.ts" time="0.005">
<failure message="app.spec.ts:50:3 should be able to add product to cart" type="FAILURE">
<![CDATA[  [Mobile Safari] › app.spec.ts:50:3 › E-Commerce Application › should be able to add product to cart 

    Error: browserType.launch: Executable doesn't exist at C:\Users\jkuduvar\AppData\Local\ms-playwright\webkit-2215\Playwright.exe
    ╔═════════════════════════════════════════════════════════════════════════╗
    ║ Looks like Playwright Test or Playwright was just installed or updated. ║
    ║ Please run the following command to download new browsers:              ║
    ║                                                                         ║
    ║     npx playwright install                                              ║
    ║                                                                         ║
    ║ <3 Playwright Team                                                      ║
    ╚═════════════════════════════════════════════════════════════════════════╝
]]>
</failure>
</testcase>
<testcase name="E-Commerce Application › should display cart page with added items" classname="app.spec.ts" time="0.005">
<failure message="app.spec.ts:61:3 should display cart page with added items" type="FAILURE">
<![CDATA[  [Mobile Safari] › app.spec.ts:61:3 › E-Commerce Application › should display cart page with added items 

    Error: browserType.launch: Executable doesn't exist at C:\Users\jkuduvar\AppData\Local\ms-playwright\webkit-2215\Playwright.exe
    ╔═════════════════════════════════════════════════════════════════════════╗
    ║ Looks like Playwright Test or Playwright was just installed or updated. ║
    ║ Please run the following command to download new browsers:              ║
    ║                                                                         ║
    ║     npx playwright install                                              ║
    ║                                                                         ║
    ║ <3 Playwright Team                                                      ║
    ╚═════════════════════════════════════════════════════════════════════════╝
]]>
</failure>
</testcase>
<testcase name="E-Commerce Application › should be able to update item quantity in cart" classname="app.spec.ts" time="0">
<skipped>
</skipped>
</testcase>
<testcase name="E-Commerce Application › should be able to remove item from cart" classname="app.spec.ts" time="0.005">
<failure message="app.spec.ts:92:3 should be able to remove item from cart" type="FAILURE">
<![CDATA[  [Mobile Safari] › app.spec.ts:92:3 › E-Commerce Application › should be able to remove item from cart 

    Error: browserType.launch: Executable doesn't exist at C:\Users\jkuduvar\AppData\Local\ms-playwright\webkit-2215\Playwright.exe
    ╔═════════════════════════════════════════════════════════════════════════╗
    ║ Looks like Playwright Test or Playwright was just installed or updated. ║
    ║ Please run the following command to download new browsers:              ║
    ║                                                                         ║
    ║     npx playwright install                                              ║
    ║                                                                         ║
    ║ <3 Playwright Team                                                      ║
    ╚═════════════════════════════════════════════════════════════════════════╝
]]>
</failure>
</testcase>
<testcase name="E-Commerce Application › should navigate to checkout page" classname="app.spec.ts" time="0">
<skipped>
</skipped>
</testcase>
<testcase name="E-Commerce Application › should validate checkout form" classname="app.spec.ts" time="0.008">
<skipped>
</skipped>
</testcase>
<testcase name="E-Commerce Application › should complete checkout process" classname="app.spec.ts" time="0">
<skipped>
</skipped>
</testcase>
<testcase name="E-Commerce Application › should be responsive on mobile devices" classname="app.spec.ts" time="0">
<skipped>
</skipped>
</testcase>
</testsuite>
</testsuites>